<?xml version="1.0" encoding="utf-8"?><testsuites name="pytest tests"><testsuite name="pytest" errors="0" failures="0" skipped="0" tests="13" time="1.109" timestamp="2026-05-16T23:23:07.425532+00:00" hostname="agent-env-5451e0ff-d9f5-4905-8773-b6ded8a3a60e"><testcase classname="backend.tests.test_raibi_api.TestRoot" name="test_root_returns_message_and_status" time="0.129" /><testcase classname="backend.tests.test_raibi_api.TestNewsletter" name="test_subscribe_valid_email" time="0.057" /><testcase classname="backend.tests.test_raibi_api.TestNewsletter" name="test_subscribe_duplicate_email_idempotent" time="0.096" /><testcase classname="backend.tests.test_raibi_api.TestNewsletter" name="test_subscribe_invalid_email_422" time="0.045" /><testcase classname="backend.tests.test_raibi_api.TestNewsletter" name="test_newsletter_count_at_least_one" time="0.102" /><testcase classname="backend.tests.test_raibi_api.TestRoar" name="test_log_roar" time="0.047" /><testcase classname="backend.tests.test_raibi_api.TestRoar" name="test_roar_stats" time="0.094" /><testcase classname="backend.tests.test_raibi_api.TestRoar" name="test_roar_increments" time="0.178" /><testcase classname="backend.tests.test_raibi_api.TestSocialFeed" name="test_feed_returns_6_posts" time="0.056" /><testcase classname="backend.tests.test_raibi_api.TestStores" name="test_all_stores_returns_8" time="0.050" /><testcase classname="backend.tests.test_raibi_api.TestStores" name="test_stores_country_MA" time="0.046" /><testcase classname="backend.tests.test_raibi_api.TestStores" name="test_stores_country_US" time="0.050" /><testcase classname="backend.tests.test_raibi_api.TestStores" name="test_stores_MA_plus_US_equals_total" time="0.092" /></testsuite></testsuites>